Start testing: Aug 22 16:34 +04
----------------------------------------------------------
Unable to find executable: /Users/hayk/Test's/NDM_test/at-server/build/test_pattern
1/1 Testing: pattern
1/1 Test: pattern
Command: ""
Directory: /Users/hayk/Test's/NDM_test/at-server/build
"pattern" start time: 
Output:
----------------------------------------------------------
<end of output>
Test time =   0.00 sec
----------------------------------------------------------
Test Passed.
"pattern" end time: Aug 22 16:34 +04
"pattern" time elapsed: 00:00:00
----------------------------------------------------------

End testing: Aug 22 16:34 +04
